<?xml version="1.0" encoding="UTF-8"?>
<testsuite name="com.fabridinapoli.kotlinorms.infrastructure.adapters.outbound.postgres.PostgresCustomerRepositoryShould" tests="1" skipped="0" failures="0" errors="0" timestamp="2023-02-05T14:35:02" hostname="MacBook-Air.local" time="0.005">
  <properties/>
  <testcase name="save customer()" classname="com.fabridinapoli.kotlinorms.infrastructure.adapters.outbound.postgres.PostgresCustomerRepositoryShould" time="0.005"/>
  <system-out><![CDATA[2023-02-05T15:35:01.050+01:00  INFO 49438 --- [    Test worker] ]]>&#x1f433;<![CDATA[ [postgres:15.1]                       : Creating container for image: postgres:15.1
2023-02-05T15:35:01.092+01:00  INFO 49438 --- [    Test worker] ]]>&#x1f433;<![CDATA[ [postgres:15.1]                       : Container postgres:15.1 is starting: 314d59a2c92afe53034a66561052e38d824610ccd6071dc2be3d85ee6ddd825b
2023-02-05T15:35:01.991+01:00  INFO 49438 --- [    Test worker] ]]>&#x1f433;<![CDATA[ [postgres:15.1]                       : Container postgres:15.1 started in PT0.940927S
2023-02-05T15:35:01.991+01:00  INFO 49438 --- [    Test worker] com.zaxxer.hikari.HikariDataSource       : HikariPool-3 - Starting...
2023-02-05T15:35:02.013+01:00  INFO 49438 --- [    Test worker] com.zaxxer.hikari.pool.HikariPool        : HikariPool-3 - Added connection org.postgresql.jdbc.PgConnection@921dbcf
2023-02-05T15:35:02.014+01:00  INFO 49438 --- [    Test worker] com.zaxxer.hikari.HikariDataSource       : HikariPool-3 - Start completed.
2023-02-05T15:35:02.016+01:00  INFO 49438 --- [    Test worker] o.f.c.i.database.base.BaseDatabaseType   : Database: jdbc:postgresql://localhost:53388/somedatabasename (PostgreSQL 15.1)
2023-02-05T15:35:02.020+01:00  INFO 49438 --- [    Test worker] o.f.core.internal.command.DbValidate     : Successfully validated 1 migration (execution time 00:00.001s)
2023-02-05T15:35:02.026+01:00  INFO 49438 --- [    Test worker] o.f.c.i.s.JdbcTableSchemaHistory         : Creating Schema History table "public"."flyway_schema_history" ...
2023-02-05T15:35:02.048+01:00  INFO 49438 --- [    Test worker] o.f.core.internal.command.DbMigrate      : Current version of schema "public": << Empty Schema >>
2023-02-05T15:35:02.051+01:00  INFO 49438 --- [    Test worker] o.f.core.internal.command.DbMigrate      : Migrating schema "public" to version "1 -  init"
2023-02-05T15:35:02.060+01:00  INFO 49438 --- [    Test worker] o.f.core.internal.command.DbMigrate      : Successfully applied 1 migration to schema "public", now at version v1 (execution time 00:00.013s)
]]></system-out>
  <system-err><![CDATA[]]></system-err>
</testsuite>
