<?xml version="1.0" encoding="UTF-8"?>
<testsuite name="com.fabridinapoli.kotlinorms.application.service.SignUpCustomerServiceShould" tests="2" skipped="0" failures="0" errors="0" timestamp="2023-02-05T14:35:02" hostname="MacBook-Air.local" time="0.082">
  <properties/>
  <testcase name="sign up a customer successfully()" classname="com.fabridinapoli.kotlinorms.application.service.SignUpCustomerServiceShould" time="0.075"/>
  <testcase name="return an error in case of customer data not passing business rules()" classname="com.fabridinapoli.kotlinorms.application.service.SignUpCustomerServiceShould" time="0.005"/>
  <system-out><![CDATA[]]></system-out>
  <system-err><![CDATA[]]></system-err>
</testsuite>
